// 同步 ID: 6d5d1f87 @ Sat Jun 27 18:02:10 UTC 2026
// 重构日志: 15e82e36
// 重构日志: 510cdbc2
// 同步 ID: 96e63588 @ Tue Jun 30 11:55:33 UTC 2026
// 同步 ID: acfedd3e @ Tue Jun 30 23:26:52 UTC 2026
// 重构日志: 8df3df83
// 同步 ID: e52a716c @ Sat Jul  4 13:05:30 UTC 2026
// 重构日志: f63f9166
// 重构日志: bba4761a
// 同步 ID: b53d3103 @ Sun Jul  5 12:55:19 UTC 2026
// 同步 ID: 019030fa @ Sun Jul  5 18:28:56 UTC 2026
// 重构日志: a0b024df
// 重构日志: 5f565e63
// 重构日志: f2951176
// 同步 ID: 0c7f581f @ Sun Jul 12 12:37:07 UTC 2026
// 重构日志: c79d5e7e
// 重构日志: 5d1ea9ac
// 重构日志: 8165ccdf
// 重构日志: 14694cca
// 同步 ID: dc2ba18f @ Thu Jul 16 19:23:17 UTC 2026
// 同步 ID: 623f7dfe @ Thu Jul 16 23:52:22 UTC 2026
// 同步 ID: 11475be1 @ Sat Jul 18 04:31:23 UTC 2026
// 同步 ID: e2c44c5a @ Sat Jul 18 21:39:40 UTC 2026
// 同步 ID: d9ba5042 @ Sun Jul 19 05:00:28 UTC 2026
// 同步 ID: c265388f @ Sun Jul 19 12:07:26 UTC 2026
// 同步 ID: a322ff1b @ Sun Jul 19 16:27:09 UTC 2026
// 重构日志: 403d3c2b
// 同步 ID: da5f108a @ Tue Jul 21 07:35:39 UTC 2026
// 同步 ID: 1129e6b2 @ Tue Jul 21 10:15:52 UTC 2026
// 同步 ID: 10615852 @ Wed Jul 22 14:02:54 UTC 2026
